SF:lib/address_check_options.dart
DA:11,3
DA:32,2
DA:33,8
LF:3
LH:3
end_of_record
SF:lib/internet_connection.dart
DA:8,2
DA:9,1
DA:15,3
DA:16,1
DA:20,3
DA:21,1
DA:22,1
DA:66,2
DA:67,2
DA:68,1
DA:69,1
DA:73,1
DA:74,1
DA:78,1
DA:79,1
DA:99,2
DA:100,1
DA:104,1
DA:109,2
DA:110,1
DA:111,1
DA:112,1
DA:114,1
DA:115,1
DA:117,0
DA:118,0
DA:126,2
DA:133,1
DA:134,1
DA:136,2
DA:137,2
DA:139,1
DA:140,3
DA:142,1
DA:143,3
DA:144,1
DA:152,1
DA:153,2
DA:171,1
DA:173,1
DA:174,0
DA:176,2
DA:180,4
DA:181,0
DA:185,2
DA:186,0
DA:189,0
DA:254,1
DA:255,2
DA:258,3
DA:261,3
LF:51
LH:45
end_of_record
SF:lib/address_check_result.dart
DA:7,2
DA:18,1
DA:19,3
LF:3
LH:3
end_of_record
SF:lib/status_enum.dart
DA:5,3
LF:1
LH:1
end_of_record
